<?xml version="1.0" encoding="UTF-8"?>
<!-- Generated by org.testng.reporters.JUnitReportReporter -->
<testsuite hostname="Prateeks-PC" name="com.free_crm_data.OrangeHrm" tests="5" failures="0" timestamp="1 Jul 2021 11:59:00 GMT" time="77.627" errors="0">
  <testcase name="CreatContacts" time="14.421" classname="com.free_crm_data.OrangeHrm"/>
  <testcase name="CreatContacts" time="14.818" classname="com.free_crm_data.OrangeHrm"/>
  <testcase name="CreatContacts" time="24.242" classname="com.free_crm_data.OrangeHrm"/>
  <testcase name="CreatContacts" time="14.190" classname="com.free_crm_data.OrangeHrm"/>
  <testcase name="CreatContacts" time="9.956" classname="com.free_crm_data.OrangeHrm"/>
</testsuite> <!-- com.free_crm_data.OrangeHrm -->
